This is pdfTeX, Version 3.14159265-2.6-1.40.20 (TeX Live 2019) (preloaded format=pdflatex 2019.5.22)  9 SEP 2021 18:24
entering extended mode
 restricted \write18 enabled.
 file:line:error style messages enabled.
 %&-line parsing enabled.
**thesis-info.tex
(./thesis-info.tex
LaTeX2e <2018-12-01>
./thesis-info.tex:11: Undefined control sequence.
l.11 \subtitle
              {Using a hacked template}
? 
./thesis-info.tex:11: Emergency stop.
l.11 \subtitle
              {Using a hacked template}
End of file on the terminal!

 
Here is how much of TeX's memory you used:
 5 strings out of 492616
 143 string characters out of 6129481
 57151 words of memory out of 5000000
 4025 multiletter control sequences out of 15000+600000
 3640 words of font info for 14 fonts, out of 8000000 for 9000
 1141 hyphenation exceptions out of 8191
 5i,0n,1p,98b,8s stack positions out of 5000i,500n,10000p,200000b,80000s
./thesis-info.tex:11:  ==> Fatal error occurred, no output PDF file produced!
